<?xml version="1.0" encoding="UTF-8"?>
<!-- Generated by org.testng.reporters.JUnitReportReporter -->
<testsuite hostname="DELL-PC" name="gitHubTest.gitHubtest" tests="1" failures="0" timestamp="2 Jun 2019 06:39:18 GMT" time="12.595" errors="0">
  <testcase name="loginTest" time="12.595" classname="gitHubTest.gitHubtest"/>
</testsuite> <!-- gitHubTest.gitHubtest -->
